0 info it worked if it ends with ok
1 verbose cli [ '/home/ubuntu/.nvm/versions/node/v4.7.3/bin/node',
1 verbose cli   '/home/ubuntu/.nvm/versions/node/v4.7.3/bin/npm',
1 verbose cli   'run',
1 verbose cli   'build' ]
2 info using npm@2.15.11
3 info using node@v4.7.3
4 verbose run-script [ 'prebuild', 'build', 'postbuild' ]
5 info prebuild Notes@0.1.0
6 info build Notes@0.1.0
7 verbose unsafe-perm in lifecycle true
8 info Notes@0.1.0 Failed to exec build script
9 verbose stack Error: Notes@0.1.0 build: `react-scripts build`
9 verbose stack spawn ENOENT
9 verbose stack     at ChildProcess.<anonymous> (/home/ubuntu/.nvm/versions/node/v4.7.3/lib/node_modules/npm/lib/utils/spawn.js:17:16)
9 verbose stack     at emitTwo (events.js:87:13)
9 verbose stack     at ChildProcess.emit (events.js:172:7)
9 verbose stack     at maybeClose (internal/child_process.js:854:16)
9 verbose stack     at Process.ChildProcess._handle.onexit (internal/child_process.js:222:5)
10 verbose pkgid Notes@0.1.0
11 verbose cwd /home/ubuntu/workspace
12 error Linux 4.9.77-c9
13 error argv "/home/ubuntu/.nvm/versions/node/v4.7.3/bin/node" "/home/ubuntu/.nvm/versions/node/v4.7.3/bin/npm" "run" "build"
14 error node v4.7.3
15 error npm  v2.15.11
16 error file sh
17 error code ELIFECYCLE
18 error errno ENOENT
19 error syscall spawn
20 error Notes@0.1.0 build: `react-scripts build`
20 error spawn ENOENT
21 error Failed at the Notes@0.1.0 build script 'react-scripts build'.
21 error This is most likely a problem with the Notes package,
21 error not with npm itself.
21 error Tell the author that this fails on your system:
21 error     react-scripts build
21 error You can get information on how to open an issue for this project with:
21 error     npm bugs Notes
21 error Or if that isn't available, you can get their info via:
21 error
21 error     npm owner ls Notes
21 error There is likely additional logging output above.
22 verbose exit [ 1, true ]
